# JRE version: OpenJDK Runtime Environment Temurin-21.0.6+7 (21.0.6+7) (build 21.0.6+7-LTS)
# Java VM: OpenJDK 64-Bit Server VM Temurin-21.0.6+7 (21.0.6+7-LTS, mixed mode, sharing, tiered, compressed oops, compressed class ptrs, g1 gc, windows-amd64)
GC Precious Log:
 CardTable entry size: 512
 Card Set container configuration: InlinePtr #cards 4 size 8 Array Of Cards #cards 32 size 80 Howl #buckets 8 coarsen threshold 7372 Howl Bitmap #cards 1024 size 144 coarsen threshold 921 Card regions per heap region 1 cards per card region 8192
 CPUs: 8 total, 8 available
 Memory: 16221M
 Large Page Support: Disabled
 NUMA Support: Disabled
 Compressed Oops: Enabled (Zero based)
 Heap Region Size: 4M
 Heap Min Capacity: 256M
 Heap Initial Capacity: 256M
 Heap Max Capacity: 8128M
 Pre-touch: Disabled
 Parallel Workers: 8
 Concurrent Workers: 2
 Concurrent Refinement Workers: 8
 Periodic GC: Disabled
Heap:
 garbage-first heap   total 1581056K, used 641742K [0x0000000604000000, 0x0000000800000000)
  region size 4096K, 5 young (20480K), 0 survivors (0K)
 Metaspace       used 263918K, committed 266368K, reserved 1310720K
  class space    used 51817K, committed 53120K, reserved 1048576K
GC Heap History (20 events):
Event: 37.131 GC heap before
{Heap before GC invocations=47 (full 0):
 garbage-first heap   total 1101824K, used 981247K [0x0000000604000000, 0x0000000800000000)
  region size 4096K, 146 young (598016K), 15 survivors (61440K)
 Metaspace       used 232629K, committed 234816K, reserved 1245184K
  class space    used 44957K, committed 46144K, reserved 1048576K
}
Event: 37.167 GC heap after
{Heap after GC invocations=48 (full 0):
 garbage-first heap   total 1101824K, used 472073K [0x0000000604000000, 0x0000000800000000)
  region size 4096K, 16 young (65536K), 16 survivors (65536K)
 Metaspace       used 232629K, committed 234816K, reserved 1245184K
  class space    used 44957K, committed 46144K, reserved 1048576K
}
Event: 37.792 GC heap before
{Heap before GC invocations=48 (full 0):
 garbage-first heap   total 1101824K, used 975881K [0x0000000604000000, 0x0000000800000000)
  region size 4096K, 139 young (569344K), 16 survivors (65536K)
 Metaspace       used 232800K, committed 234944K, reserved 1245184K
  class space    used 44993K, committed 46144K, reserved 1048576K
}
Event: 37.824 GC heap after
{Heap after GC invocations=49 (full 0):
 garbage-first heap   total 1101824K, used 495035K [0x0000000604000000, 0x0000000800000000)
  region size 4096K, 14 young (57344K), 14 survivors (57344K)
 Metaspace       used 232800K, committed 234944K, reserved 1245184K
  class space    used 44993K, committed 46144K, reserved 1048576K
}
Event: 38.496 GC heap before
{Heap before GC invocations=50 (full 0):
 garbage-first heap   total 1101824K, used 982459K [0x0000000604000000, 0x0000000800000000)
  region size 4096K, 133 young (544768K), 14 survivors (57344K)
 Metaspace       used 232856K, committed 235072K, reserved 1245184K
  class space    used 45006K, committed 46144K, reserved 1048576K
}
Event: 38.525 GC heap after
{Heap after GC invocations=51 (full 0):
 garbage-first heap   total 1101824K, used 517347K [0x0000000604000000, 0x0000000800000000)
  region size 4096K, 11 young (45056K), 11 survivors (45056K)
 Metaspace       used 232856K, committed 235072K, reserved 1245184K
  class space    used 45006K, committed 46144K, reserved 1048576K
}
Event: 39.303 GC heap before
{Heap before GC invocations=51 (full 0):
 garbage-first heap   total 1101824K, used 996579K [0x0000000604000000, 0x0000000800000000)
  region size 4096K, 128 young (524288K), 11 survivors (45056K)
 Metaspace       used 233921K, committed 236096K, reserved 1245184K
  class space    used 45386K, committed 46528K, reserved 1048576K
}
Event: 39.329 GC heap after
{Heap after GC invocations=52 (full 0):
 garbage-first heap   total 1101824K, used 521550K [0x0000000604000000, 0x0000000800000000)
  region size 4096K, 7 young (28672K), 7 survivors (28672K)
 Metaspace       used 233921K, committed 236096K, reserved 1245184K
  class space    used 45386K, committed 46528K, reserved 1048576K
}
Event: 40.075 GC heap before
{Heap before GC invocations=52 (full 0):
 garbage-first heap   total 1101824K, used 1013070K [0x0000000604000000, 0x0000000800000000)
  region size 4096K, 127 young (520192K), 7 survivors (28672K)
 Metaspace       used 234625K, committed 236864K, reserved 1245184K
  class space    used 45497K, committed 46656K, reserved 1048576K
}
Event: 40.088 GC heap after
{Heap after GC invocations=53 (full 0):
 garbage-first heap   total 1581056K, used 524524K [0x0000000604000000, 0x0000000800000000)
  region size 4096K, 8 young (32768K), 8 survivors (32768K)
 Metaspace       used 234625K, committed 236864K, reserved 1245184K
  class space    used 45497K, committed 46656K, reserved 1048576K
}
Event: 41.763 GC heap before
{Heap before GC invocations=54 (full 0):
 garbage-first heap   total 1581056K, used 1442028K [0x0000000604000000, 0x0000000800000000)
  region size 4096K, 231 young (946176K), 8 survivors (32768K)
 Metaspace       used 236480K, committed 238656K, reserved 1245184K
  class space    used 45972K, committed 47104K, reserved 1048576K
}
Event: 41.797 GC heap after
{Heap after GC invocations=55 (full 0):
 garbage-first heap   total 1581056K, used 574875K [0x0000000604000000, 0x0000000800000000)
  region size 4096K, 19 young (77824K), 19 survivors (77824K)
 Metaspace       used 236480K, committed 238656K, reserved 1245184K
  class space    used 45972K, committed 47104K, reserved 1048576K
}
Event: 45.063 GC heap before
{Heap before GC invocations=55 (full 0):
 garbage-first heap   total 1581056K, used 1414555K [0x0000000604000000, 0x0000000800000000)
  region size 4096K, 225 young (921600K), 19 survivors (77824K)
 Metaspace       used 259608K, committed 261952K, reserved 1310720K
  class space    used 51162K, committed 52416K, reserved 1048576K
}
Event: 45.116 GC heap after
{Heap after GC invocations=56 (full 0):
 garbage-first heap   total 1581056K, used 602649K [0x0000000604000000, 0x0000000800000000)
  region size 4096K, 23 young (94208K), 23 survivors (94208K)
 Metaspace       used 259608K, committed 261952K, reserved 1310720K
  class space    used 51162K, committed 52416K, reserved 1048576K
}
Event: 46.757 GC heap before
{Heap before GC invocations=56 (full 0):
 garbage-first heap   total 1581056K, used 1401369K [0x0000000604000000, 0x0000000800000000)
  region size 4096K, 218 young (892928K), 23 survivors (94208K)
 Metaspace       used 263070K, committed 265408K, reserved 1310720K
  class space    used 51629K, committed 52864K, reserved 1048576K
}
Event: 46.813 GC heap after
{Heap after GC invocations=57 (full 0):
 garbage-first heap   total 1581056K, used 646013K [0x0000000604000000, 0x0000000800000000)
  region size 4096K, 19 young (77824K), 19 survivors (77824K)
 Metaspace       used 263070K, committed 265408K, reserved 1310720K
  class space    used 51629K, committed 52864K, reserved 1048576K
}
Event: 49.089 GC heap before
{Heap before GC invocations=58 (full 0):
 garbage-first heap   total 1581056K, used 801661K [0x0000000604000000, 0x0000000800000000)
  region size 4096K, 58 young (237568K), 19 survivors (77824K)
 Metaspace       used 263560K, committed 265984K, reserved 1310720K
  class space    used 51744K, committed 52992K, reserved 1048576K
}
Event: 49.370 GC heap after
{Heap after GC invocations=59 (full 1):
 garbage-first heap   total 1581056K, used 623847K [0x0000000604000000, 0x0000000800000000)
  region size 4096K, 0 young (0K), 0 survivors (0K)
 Metaspace       used 263552K, committed 265984K, reserved 1310720K
  class space    used 51742K, committed 52992K, reserved 1048576K
}
Event: 49.475 GC heap before
{Heap before GC invocations=59 (full 1):
 garbage-first heap   total 1581056K, used 640231K [0x0000000604000000, 0x0000000800000000)
  region size 4096K, 6 young (24576K), 0 survivors (0K)
 Metaspace       used 263858K, committed 266368K, reserved 1310720K
  class space    used 51807K, committed 53120K, reserved 1048576K
}
Event: 49.694 GC heap after
{Heap after GC invocations=60 (full 2):
 garbage-first heap   total 1581056K, used 625358K [0x0000000604000000, 0x0000000800000000)
  region size 4096K, 0 young (0K), 0 survivors (0K)
 Metaspace       used 263858K, committed 266368K, reserved 1310720K
  class space    used 51807K, committed 53120K, reserved 1048576K
}

