# JRE version: OpenJDK Runtime Environment Temurin-21.0.6+7 (21.0.6+7) (build 21.0.6+7-LTS)
# Java VM: OpenJDK 64-Bit Server VM Temurin-21.0.6+7 (21.0.6+7-LTS, mixed mode, sharing, tiered, compressed oops, compressed class ptrs, g1 gc, windows-amd64)
GC Precious Log:
 CardTable entry size: 512
 Card Set container configuration: InlinePtr #cards 4 size 8 Array Of Cards #cards 32 size 80 Howl #buckets 8 coarsen threshold 7372 Howl Bitmap #cards 1024 size 144 coarsen threshold 921 Card regions per heap region 1 cards per card region 8192
 CPUs: 8 total, 8 available
 Memory: 16221M
 Large Page Support: Disabled
 NUMA Support: Disabled
 Compressed Oops: Enabled (Zero based)
 Heap Region Size: 4M
 Heap Min Capacity: 256M
 Heap Initial Capacity: 256M
 Heap Max Capacity: 8128M
 Pre-touch: Disabled
 Parallel Workers: 8
 Concurrent Workers: 2
 Concurrent Refinement Workers: 8
 Periodic GC: Disabled
Heap:
 garbage-first heap   total 1421312K, used 612258K [0x0000000604000000, 0x0000000800000000)
  region size 4096K, 7 young (28672K), 0 survivors (0K)
 Metaspace       used 263692K, committed 266240K, reserved 1310720K
  class space    used 51779K, committed 53120K, reserved 1048576K
GC Heap History (20 events):
Event: 38.251 GC heap before
{Heap before GC invocations=57 (full 0):
 garbage-first heap   total 1019904K, used 934495K [0x0000000604000000, 0x0000000800000000)
  region size 4096K, 118 young (483328K), 7 survivors (28672K)
 Metaspace       used 232811K, committed 235008K, reserved 1245184K
  class space    used 44986K, committed 46144K, reserved 1048576K
}
Event: 38.271 GC heap after
{Heap after GC invocations=58 (full 0):
 garbage-first heap   total 1019904K, used 493915K [0x0000000604000000, 0x0000000800000000)
  region size 4096K, 10 young (40960K), 10 survivors (40960K)
 Metaspace       used 232811K, committed 235008K, reserved 1245184K
  class space    used 44986K, committed 46144K, reserved 1048576K
}
Event: 38.822 GC heap before
{Heap before GC invocations=58 (full 0):
 garbage-first heap   total 1019904K, used 923995K [0x0000000604000000, 0x0000000800000000)
  region size 4096K, 115 young (471040K), 10 survivors (40960K)
 Metaspace       used 232875K, committed 235072K, reserved 1245184K
  class space    used 45005K, committed 46144K, reserved 1048576K
}
Event: 38.848 GC heap after
{Heap after GC invocations=59 (full 0):
 garbage-first heap   total 1019904K, used 510930K [0x0000000604000000, 0x0000000800000000)
  region size 4096K, 9 young (36864K), 9 survivors (36864K)
 Metaspace       used 232875K, committed 235072K, reserved 1245184K
  class space    used 45005K, committed 46144K, reserved 1048576K
}
Event: 39.690 GC heap before
{Heap before GC invocations=60 (full 0):
 garbage-first heap   total 1019904K, used 924626K [0x0000000604000000, 0x0000000800000000)
  region size 4096K, 110 young (450560K), 9 survivors (36864K)
 Metaspace       used 233852K, committed 236032K, reserved 1245184K
  class space    used 45383K, committed 46528K, reserved 1048576K
}
Event: 39.708 GC heap after
{Heap after GC invocations=61 (full 0):
 garbage-first heap   total 1019904K, used 522156K [0x0000000604000000, 0x0000000800000000)
  region size 4096K, 7 young (28672K), 7 survivors (28672K)
 Metaspace       used 233852K, committed 236032K, reserved 1245184K
  class space    used 45383K, committed 46528K, reserved 1048576K
}
Event: 40.315 GC heap before
{Heap before GC invocations=61 (full 0):
 garbage-first heap   total 1019904K, used 935852K [0x0000000604000000, 0x0000000800000000)
  region size 4096K, 108 young (442368K), 7 survivors (28672K)
 Metaspace       used 234319K, committed 236480K, reserved 1245184K
  class space    used 45455K, committed 46592K, reserved 1048576K
}
Event: 40.331 GC heap after
{Heap after GC invocations=62 (full 0):
 garbage-first heap   total 1019904K, used 520458K [0x0000000604000000, 0x0000000800000000)
  region size 4096K, 8 young (32768K), 8 survivors (32768K)
 Metaspace       used 234319K, committed 236480K, reserved 1245184K
  class space    used 45455K, committed 46592K, reserved 1048576K
}
Event: 40.902 GC heap before
{Heap before GC invocations=62 (full 0):
 garbage-first heap   total 1019904K, used 819466K [0x0000000604000000, 0x0000000800000000)
  region size 4096K, 82 young (335872K), 8 survivors (32768K)
 Metaspace       used 235603K, committed 237760K, reserved 1245184K
  class space    used 45721K, committed 46848K, reserved 1048576K
}
Event: 40.920 GC heap after
{Heap after GC invocations=63 (full 0):
 garbage-first heap   total 1421312K, used 534171K [0x0000000604000000, 0x0000000800000000)
  region size 4096K, 11 young (45056K), 11 survivors (45056K)
 Metaspace       used 235603K, committed 237760K, reserved 1245184K
  class space    used 45721K, committed 46848K, reserved 1048576K
}
Event: 42.197 GC heap before
{Heap before GC invocations=64 (full 0):
 garbage-first heap   total 1421312K, used 1304219K [0x0000000604000000, 0x0000000800000000)
  region size 4096K, 198 young (811008K), 11 survivors (45056K)
 Metaspace       used 236769K, committed 238976K, reserved 1245184K
  class space    used 46094K, committed 47232K, reserved 1048576K
}
Event: 42.234 GC heap after
{Heap after GC invocations=65 (full 0):
 garbage-first heap   total 1421312K, used 581126K [0x0000000604000000, 0x0000000800000000)
  region size 4096K, 22 young (90112K), 22 survivors (90112K)
 Metaspace       used 236769K, committed 238976K, reserved 1245184K
  class space    used 46094K, committed 47232K, reserved 1048576K
}
Event: 45.119 GC heap before
{Heap before GC invocations=65 (full 0):
 garbage-first heap   total 1421312K, used 1248774K [0x0000000604000000, 0x0000000800000000)
  region size 4096K, 186 young (761856K), 22 survivors (90112K)
 Metaspace       used 259492K, committed 261824K, reserved 1310720K
  class space    used 51157K, committed 52352K, reserved 1048576K
}
Event: 45.170 GC heap after
{Heap after GC invocations=66 (full 0):
 garbage-first heap   total 1421312K, used 597561K [0x0000000604000000, 0x0000000800000000)
  region size 4096K, 16 young (65536K), 16 survivors (65536K)
 Metaspace       used 259492K, committed 261824K, reserved 1310720K
  class space    used 51157K, committed 52352K, reserved 1048576K
}
Event: 46.313 GC heap before
{Heap before GC invocations=66 (full 0):
 garbage-first heap   total 1421312K, used 1277497K [0x0000000604000000, 0x0000000800000000)
  region size 4096K, 183 young (749568K), 16 survivors (65536K)
 Metaspace       used 262843K, committed 265216K, reserved 1310720K
  class space    used 51636K, committed 52864K, reserved 1048576K
}
Event: 46.354 GC heap after
{Heap after GC invocations=67 (full 0):
 garbage-first heap   total 1421312K, used 629342K [0x0000000604000000, 0x0000000800000000)
  region size 4096K, 13 young (53248K), 13 survivors (53248K)
 Metaspace       used 262843K, committed 265216K, reserved 1310720K
  class space    used 51636K, committed 52864K, reserved 1048576K
}
Event: 46.577 GC heap before
{Heap before GC invocations=67 (full 0):
 garbage-first heap   total 1421312K, used 690782K [0x0000000604000000, 0x0000000800000000)
  region size 4096K, 29 young (118784K), 13 survivors (53248K)
 Metaspace       used 263393K, committed 265920K, reserved 1310720K
  class space    used 51732K, committed 53056K, reserved 1048576K
}
Event: 46.851 GC heap after
{Heap after GC invocations=68 (full 1):
 garbage-first heap   total 1421312K, used 586538K [0x0000000604000000, 0x0000000800000000)
  region size 4096K, 0 young (0K), 0 survivors (0K)
 Metaspace       used 263385K, committed 265920K, reserved 1310720K
  class space    used 51729K, committed 53056K, reserved 1048576K
}
Event: 46.939 GC heap before
{Heap before GC invocations=68 (full 1):
 garbage-first heap   total 1421312K, used 611114K [0x0000000604000000, 0x0000000800000000)
  region size 4096K, 7 young (28672K), 0 survivors (0K)
 Metaspace       used 263601K, committed 266176K, reserved 1310720K
  class space    used 51769K, committed 53120K, reserved 1048576K
}
Event: 47.160 GC heap after
{Heap after GC invocations=69 (full 2):
 garbage-first heap   total 1421312K, used 587682K [0x0000000604000000, 0x0000000800000000)
  region size 4096K, 0 young (0K), 0 survivors (0K)
 Metaspace       used 263601K, committed 266176K, reserved 1310720K
  class space    used 51769K, committed 53120K, reserved 1048576K
}

